<?xml version="1.0" encoding="UTF-8"?>
<!-- Generated by org.testng.reporters.JUnitXMLReporter -->
<testsuite hostname="WIN-D90VHO3LFMQ" ignored="0" name="Command line test" tests="20" failures="0" timestamp="09 дек 2020 19:07:06 GMT" time="0.161" errors="0">
  <testcase name="test1" time="0.026" classname="factoryTests.Test1"/>
  <testcase name="test2" time="0.005" classname="factoryTests.Test1"/>
  <testcase name="test5" time="0.001" classname="factoryTests.Test5"/>
  <testcase name="test22" time="0.0" classname="factoryTests.Test2"/>
  <testcase name="test22" time="0.001" classname="factoryTests.Test2"/>
  <testcase name="test22" time="0.0" classname="factoryTests.Test2"/>
  <testcase name="test4" time="0.002" classname="factoryTests.Test4"/>
  <testcase name="test4" time="0.001" classname="factoryTests.Test4"/>
  <testcase name="test1Multiply" time="0.006" classname="CalculatorTest"/>
  <testcase name="test1Sum" time="0.0" classname="CalculatorTest"/>
  <testcase name="test1Sum" time="0.0" classname="CalculatorTest"/>
  <testcase name="test1Sum" time="0.001" classname="CalculatorTest"/>
  <testcase name="test2Multiply" time="0.0" classname="CalculatorTest"/>
  <testcase name="client1Test" time="0.001" classname="StringWorkerTest"/>
  <testcase name="client1Test" time="0.001" classname="StringWorkerTest"/>
  <testcase name="client2Test" time="0.002" classname="StringWorkerTest"/>
  <testcase name="client2Test" time="0.002" classname="StringWorkerTest"/>
  <testcase name="instanceDbProvider" time="0.001" classname="StringWorkerTest"/>
  <testcase name="instanceDbProvider" time="0.001" classname="StringWorkerTest"/>
  <testcase name="test1" time="0.0" classname="StringWorkerTest"/>
</testsuite> <!-- Command line test -->
